⬥ Injecting environment variable values for all scopes
⬥ Ignored general context env var: LANG (defined in process)
⬥ Ignored .env file env var: VITE_SUPABASE_URL (defined in .env.development file)
⬥ Ignored .env file env var: VITE_SUPABASE_ANON_KEY (defined in .env.development file)
⬥ Ignored .env file env var: SUPABASE_SERVICE_ROLE_KEY (defined in .env.development file)
⬥ Ignored .env file env var: SUPABASE_URL (defined in .env.development file)
⬥ Ignored .env.development file env var: VITE_API_BASE_URL (defined in .env.local file)
⬥ Ignored .env file env var: VITE_API_BASE_URL (defined in .env.local file)
⬥ Ignored .env.development file env var: VITE_APP_BASE_URL (defined in .env.local file)
⬥ Ignored .env file env var: VITE_APP_BASE_URL (defined in .env.local file)
⬥ Ignored .env file env var: RATE_LIMIT_TABLE (defined in .env.development file)
⬥ Ignored .env file env var: RATE_LIMIT_DEFAULT_WINDOW_MS (defined in .env.development file)
⬥ Ignored .env file env var: RATE_LIMIT_DEFAULT_MAX_ATTEMPTS (defined in .env.development file)
⬥ Ignored .env file env var: RATE_LIMIT_AUTH_MAX_ATTEMPTS (defined in .env.development file)
⬥ Ignored .env file env var: RATE_LIMIT_AUTH_WINDOW_MS (defined in .env.development file)
⬥ Ignored .env file env var: RATE_LIMIT_APPLICATIONS_MAX_ATTEMPTS (defined in .env.development file)
⬥ Ignored .env file env var: RATE_LIMIT_APPLICATIONS_WINDOW_MS (defined in .env.development file)
⬥ Ignored .env file env var: VITE_TURNSTILE_SITE_KEY (defined in .env.development file)
⬥ Ignored .env file env var: EMAIL_PROVIDER (defined in .env.development file)
⬥ Ignored .env file env var: EMAIL_FROM (defined in .env.development file)
⬥ Ignored .env file env var: RESEND_API_KEY (defined in .env.development file)
⬥ Ignored .env file env var: RESEND_FROM_EMAIL (defined in .env.development file)
⬥ Ignored .env file env var: APPLICATION_ADMIN_EMAILS (defined in .env.development file)
⬥ Ignored .env file env var: SMTP_HOST (defined in .env.development file)
⬥ Ignored .env file env var: SMTP_PORT (defined in .env.development file)
⬥ Ignored .env file env var: SMTP_USERNAME (defined in .env.development file)
⬥ Ignored .env file env var: SMTP_PASSWORD (defined in .env.development file)
⬥ Ignored .env file env var: SMTP_SECURE (defined in .env.development file)
⬥ Ignored .env file env var: SMTP_FROM_EMAIL (defined in .env.development file)
⬥ Ignored .env file env var: VITE_ANALYTICS_BASE_URL (defined in .env.development file)
⬥ Ignored .env file env var: VITE_ANALYTICS_SITE_ID (defined in .env.development file)
⬥ Ignored .env file env var: VITE_ANALYTICS_SHARE_TOKEN (defined in .env.development file)
⬥ Injected netlify.toml file env vars: NODE_VERSION
⬥ Injected .env.development file env vars: VITE_SUPABASE_URL, VITE_SUPABASE_ANON_KEY, SUPABASE_SERVICE_ROLE_KEY, SUPABASE_URL, RATE_LIMIT_TABLE, RATE_LIMIT_DEFAULT_WINDOW_MS, RATE_LIMIT_DEFAULT_MAX_ATTEMPTS, RATE_LIMIT_AUTH_MAX_ATTEMPTS, RATE_LIMIT_AUTH_WINDOW_MS, RATE_LIMIT_APPLICATIONS_MAX_ATTEMPTS, RATE_LIMIT_APPLICATIONS_WINDOW_MS, VITE_TURNSTILE_SITE_KEY, EMAIL_PROVIDER, EMAIL_FROM, RESEND_API_KEY, RESEND_FROM_EMAIL, APPLICATION_ADMIN_EMAILS, SMTP_HOST, SMTP_PORT, SMTP_USERNAME, SMTP_PASSWORD, SMTP_SECURE, SMTP_FROM_EMAIL, VITE_ANALYTICS_BASE_URL, VITE_ANALYTICS_SITE_ID, VITE_ANALYTICS_SHARE_TOKEN, VITE_DEV_SERVER_PORT
⬥ Injected .env.local file env vars: VITE_API_BASE_URL, VITE_APP_BASE_URL, NODE_ENV, VITE_NODE_ENV
⬥ Setting up local dev server

⬥ Starting framework dev server
⠋ Waiting for framework dev server to be ready on port 5173
✔ framework dev server ready on port 5173

> mihas-application-system-v2@1.0.0 dev
> vite --config vite.config.local.ts


   ╭─────────────────────── ⬥  ────────────────────────╮
   │                                                   │
   │   Local dev server ready: http://localhost:8888   │
   │                                                   │
   ╰───────────────────────────────────────────────────╯

Port 5173 is in use, trying another one...
Port 5174 is in use, trying another one...
Port 5175 is in use, trying another one...
Port 5176 is in use, trying another one...
Port 5177 is in use, trying another one...
Port 5178 is in use, trying another one...
Port 5179 is in use, trying another one...

  VITE v6.3.6  ready in 7795 ms

  ➜  Local:   http://localhost:5180/
  ➜  Network: http://192.168.215.173:5180/
⬥ Loaded function applications-id
⬥ Loaded function test
⬥ Loaded function admin-audit-log-export
⬥ Loaded function admin-users-id
⬥ Loaded function documents-upload
⬥ Loaded function admin-audit-log-stats
⬥ Loaded function admin-users-permissions
⬥ Loaded function notifications-dispatch-channel
⬥ Loaded function analytics-telemetry
⬥ Loaded function admin-users-role
